0:100  0:100  MemLog inited, TSC freq: 2208423660
0:100  0:000  CPU was calibrated with RTC
0:100  0:000  
0:100  0:000  Now is 15.8.2019,  23:7:16 (GMT)
0:100  0:000  Starting Clover revision: 5033 on American Megatrends EFI
0:100  0:000  Build with: [Args: -D NO_GRUB_DRIVERS_EMBEDDED | -D NO_GRUB_DRIVERS_EMBEDDED -D USE_LOW_EBDA -D HAVE_LEGACY_EMURUNTIMEDXE -a X64 -b RELEASE -t XCODE8 -n 5 | OS: 10.13.6 | XCODE: 10.1]
0:100  0:000  SelfDevicePath=PciRoot(0x0)\Pci(0x1B,0x4)\Pci(0x0,0x0)\NVMe(0x1,00-00-00-00-00-00-00-00)\HD(1,GPT,B2551E92-AC33-4F09-82C5-89FE51281AF2,0x22,0x64000) @364F1818
0:100  0:000  SelfDirPath = \EFI\BOOT
0:100  0:000  === [ Get Smbios ] ========================================
0:109  0:008  Type 16 Index = 0
0:109  0:000  Total Memory Slots Count = 4
0:109  0:000  Type 17 Index = 0
0:109  0:000  SmbiosTable.Type17->Speed = 2667MHz
0:109  0:000  SmbiosTable.Type17->Size = 16384MB
0:109  0:000  SmbiosTable.Type17->Bank/Device = BANK 0 ChannelA-DIMM0
0:109  0:000  SmbiosTable.Type17->Vendor = Micron
0:109  0:000  SmbiosTable.Type17->SerialNumber = 202B0C2B
0:109  0:000  SmbiosTable.Type17->PartNumber = 16ATF2G64HZ-2G6H1   
0:109  0:000  Type 17 Index = 1
0:109  0:000  Ignoring insane frequency value 0MHz
0:109  0:000  SmbiosTable.Type17->Speed = 0MHz
0:109  0:000  SmbiosTable.Type17->Size = 0MB
0:109  0:000  SmbiosTable.Type17->Bank/Device = BANK 1 ChannelA-DIMM1
0:109  0:000  SmbiosTable.Type17->Vendor = <null string>
0:109  0:000  SmbiosTable.Type17->SerialNumber = <null string>
0:109  0:000  SmbiosTable.Type17->PartNumber = <null string>
0:109  0:000  Type 17 Index = 2
0:109  0:000  SmbiosTable.Type17->Speed = 2667MHz
0:109  0:000  SmbiosTable.Type17->Size = 16384MB
0:109  0:000  SmbiosTable.Type17->Bank/Device = BANK 2 ChannelB-DIMM0
0:109  0:000  SmbiosTable.Type17->Vendor = 066D
0:109  0:000  SmbiosTable.Type17->SerialNumber = 00000000
0:109  0:000  SmbiosTable.Type17->PartNumber = TN416G26D819-SB     
0:109  0:000  Type 17 Index = 3
0:109  0:000  Ignoring insane frequency value 0MHz
0:109  0:000  SmbiosTable.Type17->Speed = 0MHz
0:109  0:000  SmbiosTable.Type17->Size = 0MB
0:109  0:000  SmbiosTable.Type17->Bank/Device = BANK 3 ChannelB-DIMM1
0:109  0:000  SmbiosTable.Type17->Vendor = <null string>
0:109  0:000  SmbiosTable.Type17->SerialNumber = <null string>
0:109  0:000  SmbiosTable.Type17->PartNumber = <null string>
0:109  0:000  Boot status=0
0:109  0:000  Running on: 'AERO 15XV8' with board 'AERO 15XV8'
0:109  0:000  === [ GetCPUProperties ] ==================================
0:109  0:000  CPU Vendor = 756E6547 Model=906EA
0:109  0:000   The CPU supported SSE4.1
0:109  0:000  BrandString = Intel(R) Core(TM) i7-8750H CPU @ 2.20GHz
0:109  0:000   The CPU supported turbo
0:109  0:000  MSR 0x35               6000C
0:109  0:000   TSC/CCC Information Leaf:
0:109  0:000    numerator     : 184
0:109  0:000    denominator   : 2
0:109  0:000   Calibrated ARTFrequency: 24004605
0:109  0:000  MSR 0xE2 before patch 1E008004
0:109  0:000  MSR 0xE2 is locked, PM patches will be turned on
0:109  0:000  MSR 0xCE              0008083B_F1011600
0:109  0:000  corrected FLEX_RATIO = 0
0:109  0:000  MSR 0x1B0             00000000
0:109  0:000  FSBFrequency = 37 MHz, DMI FSBFrequency = 100 MHz, Corrected FSBFrequency = 100 MHz
0:109  0:000  MaxDiv/MinDiv: 22.0/8
0:109  0:000  Turbo: 40/40/41/41
0:109  0:000  Features: 0xBFEBFBFF
0:109  0:000  Threads: 12
0:109  0:000  Cores: 6
0:109  0:000  FSB: 100 MHz
0:109  0:000  CPU: 800 MHz
0:109  0:000  TSC: 800 MHz
0:109  0:000  PIS: 100 MHz
0:109  0:000  ExternalClock: 25 MHz
0:109  0:000  === [ GetDevices ] ========================================
0:109  0:000  PCI (00|00:00.00) : 8086 3EC4 class=060000
0:109  0:000  PCI (00|00:01.00) : 8086 1901 class=060400
0:109  0:000  PCI (00|01:00.00) : 10DE 1BA1 class=030000
0:109  0:000   - GFX: Model=Gigabyte GeForce GTX 1070 family 134 (Pascal)
0:109  0:000  PCI (00|01:00.01) : FFFF FFFF class=FFFFFF
0:109  0:000  PCI (00|00:02.00) : 8086 3E9B class=030000
0:109  0:000   - GFX: Model=Intel UHD Graphics 630 (Intel)
0:109  0:000  PCI (00|00:08.00) : 8086 1911 class=088000
0:109  0:000  PCI (00|00:12.00) : 8086 A379 class=118000
0:109  0:000  PCI (00|00:14.00) : 8086 A36D class=0C0330
0:109  0:000  PCI (00|00:14.02) : 8086 A36F class=050000
0:109  0:000  PCI (00|00:16.00) : 8086 A360 class=078000
0:110  0:000  PCI (00|00:1B.00) : 8086 A342 class=060400
0:110  0:000  PCI (00|02:00.00) : 10EC 8168 class=020000
0:110  0:000   - LAN: 0 Vendor=Realtek
0:110  0:000  PCI (00|00:1B.03) : 8086 A343 class=060400
0:110  0:000  PCI (00|03:00.00) : 14E4 43B1 class=028000
0:110  0:000   - WIFI: Vendor=Broadcom
0:110  0:000  PCI (00|00:1B.04) : 8086 A32C class=060400
0:110  0:000  PCI (00|04:00.00) : 126F 2262 class=010802
0:110  0:000  PCI (00|00:1D.00) : 8086 A330 class=060400
0:110  0:000  PCI (00|05:00.00) : 144D A808 class=010802
0:110  0:000  PCI (00|00:1D.04) : 8086 A334 class=060400
0:110  0:000  PCI (00|00:1F.00) : 8086 A30D class=060100
0:110  0:000  PCI (00|00:1F.03) : 8086 A348 class=040300
0:110  0:000  PCI (00|00:1F.04) : 8086 A323 class=0C0500
0:110  0:000  PCI (00|00:1F.05) : 8086 A324 class=0C8000
0:110  0:000  === [ GetDefaultSettings ] ================================
0:111  0:000  Clover load options size = 0 bytes
0:113  0:002  EFI\CLOVER\config.plist loaded: Success
0:122  0:009  === [ GetListOfThemes ] ===================================
0:123  0:000  - [00]: random
0:123  0:000  - [00]: embedded
0:124  0:000  - [00]: minimal
0:125  0:000  === [ Found config plists ] ===============================
0:125  0:000  - config-intel.plist
0:125  0:000  - config.plist
0:125  0:000  - config-nvidia.plist
0:125  0:000  === [ GetEarlyUserSettings ] ==============================
0:125  0:000  timeout set to 3
0:125  0:000  Custom boot CUSTOM_BOOT_DISABLED (0x0)
0:125  0:000  KextsToPatch: 6 requested
0:125  0:000   - [00]: IOBufferCopyController (disable IOBufferCopyController (Credit by DalianSky)) :: PlistPatch :: data len: 5
0:125  0:000   - [01]: AppleIntelLpssI2C (Disable AppleIntelLpssI2C (credit by Coolstar)) :: PlistPatch :: data len: 5
0:125  0:000   - [02]: AppleIntelLpssI2CController (Disable AppleIntelLpssI2CCOntroller (credit by Coolstar)) :: PlistPatch :: data len: 5
0:125  0:000   - [03]: com.apple.iokit.IOAHCIBlockStorage (Enable TRIM for SSD) :: BinPatch :: data len: 11
0:125  0:000   - [04]: AppleAHCIPort (External icons patch) :: BinPatch :: data len: 8
0:125  0:000   - [05]: com.apple.driver.usb.AppleUSBXHCI (disable port limit in XHCI kext (credit RehabMan, based prior PMHeart patch)) :: MatchOS: 10.13.6 :: BinPatch :: data len: 10
0:125  0:000   - patch disabled at config
0:125  0:000  KernelToPatch: 1 requested
0:125  0:000   - [00]: MSR 0xE2 _xcpm_idle instant reboot(c) Pike R. Alpha :: data len: 8
0:125  0:000  Default theme: minimal
0:125  0:000  Hiding entries with string Windows
0:125  0:000  Hiding entries with string \EFI\BOOT\BOOTX64.EFI
0:125  0:000  Hiding entries with string Preboot
0:125  0:000  Hiding entries with string Recovery
0:126  0:000  === [ LoadDrivers ] =======================================
0:126  0:000  Loading FSInject.efi  status=Success
0:127  0:001  Loading UsbKbDxe.efi  status=Success
0:128  0:000   - driver needs connecting
0:128  0:000  Loading NvmExpressDxe.efi  status=Success
0:129  0:000   - driver needs connecting
0:129  0:000  Loading OsxAptioFixDrv.efi  status=Success
0:130  0:000  Loading OsxFatBinaryDrv.efi  status=Success
0:131  0:000  Loading EmuVariableUefi.efi  status=Success
0:132  0:001  EmuVariableUefi Initialize: VariableCommonInitialize = Success, orig services stored, install gEmuVariableControlProtocolGuid = Success
0:133  0:000  Loading DataHubDxe.efi  status=Success
0:135  0:002  Loading ApfsDriverLoader.efi  status=Success
0:137  0:001   - driver needs connecting
0:137  0:000  Loading AudioDxe.efi  status=Success
0:138  0:001   - driver needs connecting
0:138  0:000  Loading VirtualSmc.efi  status=Success
0:141  0:002  4 drivers needs connecting ...
0:141  0:000  PlatformDriverOverrideProtocol not found. Installing ... Success
0:141  0:000  APFS driver loaded
0:141  0:000  Searching for invalid DiskIo BY_DRIVER connects: not found, all ok
4:198  4:057  EmuVariable InstallEmulation: orig vars copied, emu.var.services installed, CreateEvent VirtualAddressChange = Success, CreateEvent ExitBootServices = Success, set Status=Success
4:227  0:029  === [ InitScreen ] ========================================
4:227  0:000  Console modes reported: 4, available modes:
4:227  0:000   - [01]: 80x25 (current mode)
4:227  0:000   - [02]: 80x50
4:227  0:000   - [03]: 100x31
4:227  0:000   - [04]: 240x56
4:227  0:000  SetScreenResolution: 1920x1080 - already set
4:227  0:000  reinit: self device path=PciRoot(0x0)\Pci(0x1B,0x4)\Pci(0x0,0x0)\NVMe(0x1,00-00-00-00-00-00-00-00)\HD(1,GPT,B2551E92-AC33-4F09-82C5-89FE51281AF2,0x22,0x64000)
4:229  0:002  Using embedded font: Success
4:231  0:001  === [ GetMacAddress ] =====================================
4:231  0:000  === [ ScanSPD ] ===========================================
4:232  0:001  Scanning SMBus [8086:A323], mmio: 0xAD816004, ioport: 0xEFA0, hostc: 0x11
4:253  0:021  Slot: 0 Type 26 16384MB 2666MHz Vendor=Micron Technology PartNo=16ATF2G64HZ-2G6H1 SerialNo=0200020B000C020B
4:273  0:019  Slot: 2 Type 26 16384MB 2666MHz Vendor=V-Color Technology PartNo=TN416G26D819-SB SerialNo=0000000000000000
4:274  0:001  === [ GetAcpiTablesList ] =================================
4:289  0:014  Get Acpi Tables List from RSDT:
4:289  0:000   - [00]: FACP  GBTUACPI len=132
4:289  0:000   - [01]: APIC  GBTUACPI len=244
4:289  0:000   - [02]: FPDT  GBTUACPI len=68
4:289  0:000   - [03]: FIDT  GBTUACPI len=156
4:289  0:000   - [04]: MCFG  GBTUACPI len=60
4:289  0:000   - [05]: SSDT  SataTabl len=820
4:289  0:000   - [06]: SSDT  CpuSsdt len=6101
4:289  0:000   - [07]: MSDM  GBTUACPI len=85
4:289  0:000   - [08]: SLIC  GBTUACPI len=374
4:289  0:000   - [09]: SSDT  SaSsdt  len=12743
4:289  0:000   - [10]: SSDT  PegSsdt len=8135
4:289  0:000   - [11]: HPET  GBTUACPI len=56
4:289  0:000   - [12]: SSDT  Ther_Rvp len=3998
4:289  0:000   - [13]: SSDT  xh_cfhd4 len=10572
4:289  0:000   - [14]: UEFI  GBTUACPI len=72
4:289  0:000   - [15]: LPIT  GBTUACPI len=92
4:289  0:000   - [16]: SSDT  PtidDevc len=10206
4:289  0:000   - [17]: SSDT  TbtTypeC len=4226
4:289  0:000   - [18]: DBGP  GBTUACPI len=52
4:289  0:000   - [19]: DBG2  GBTUACPI len=84
4:289  0:000   - [20]: SSDT  SgPeg len=174
4:289  0:000   - [21]: DMAR  EDK2     len=168
4:289  0:000   - [22]: BGRT  GBTUACPI len=56
4:289  0:000   - [23]: SSDT  OptTabl len=7801
4:289  0:000   - [24]: WSMT  GBTUACPI len=40
4:289  0:000  Calibrated TSC Frequency = 2208423660 = 2208MHz
4:289  0:000  === [ GetUserSettings ] ===================================
4:289  0:000  Add 2 devices:
4:289  0:000  USB FixOwnership: yes
4:289  0:000  Dropping 2 tables:
4:289  0:000   - [00]: Drop table  signature="DMAR" (52414D44)
4:289  0:000           - set table: 52414D44,                0 to drop: yes
4:289  0:000   - [01]: Drop table  signature="SSDT" (54445353) table-id="xh_rvp10" (30317076725F6878)
4:289  0:000           - set table: 54445353, 30317076725F6878 to drop: no
4:289  0:000   - final DSDT Fix mask=01004000
4:289  0:000  PatchesDSDT: 14 requested
4:289  0:000   - [00]: (change H_EC to EC) lenToFind: 4, lenToReplace: 4, Target Bridge: <null string>
4:289  0:000   - [01]: (change HECI to IMEI) lenToFind: 4, lenToReplace: 4, Target Bridge: <null string>
4:289  0:000   - [02]: (change SAT0 to SATA) lenToFind: 4, lenToReplace: 4, Target Bridge: <null string>
4:289  0:000   - [03]: (change GFX0 to IGPU, optionally pair with SSDT-IGPU.aml) lenToFind: 4, lenToReplace: 4, Target Bridge: <null string>
4:289  0:000   - [04]: (change HDAS to HDEF, optionally pair with SSDT-HDEF.aml) lenToFind: 4, lenToReplace: 4, Target Bridge: <null string>
4:289  0:000   - [05]: (change Method(_PTS,1,N) to ZPTS, pair with SSDT-PTSWAK.aml) lenToFind: 5, lenToReplace: 5, Target Bridge: <null string>
4:289  0:000   - [06]: (change Method(_WAK,1,N) to ZWAK, pair with SSDT-PTSWAK.aml) lenToFind: 5, lenToReplace: 5, Target Bridge: <null string>
4:289  0:000   - [07]: (change Method(GPRW,2,N) to XPRW, pair with SSDT-GPRW.aml) lenToFind: 5, lenToReplace: 5, Target Bridge: <null string>
4:289  0:000   - [08]: (change _OSI to XOSI, pair with SSDT-XOSI.aml) lenToFind: 4, lenToReplace: 4, Target Bridge: <null string>
4:289  0:000   - [09]: (Batt, change WMBD to XMBD) lenToFind: 4, lenToReplace: 4, Target Bridge: <null string>
4:289  0:000   - [10]: (Batt, change WMBC to XMBC) lenToFind: 4, lenToReplace: 4, Target Bridge: <null string>
4:290  0:000   - [11]: (Batt, change _BIF to XBIF) lenToFind: 4, lenToReplace: 4, Target Bridge: <null string>
4:290  0:000   - [12]: (Batt, change _BST to XBST) lenToFind: 4, lenToReplace: 4, Target Bridge: <null string>
4:290  0:000   - [13]: (Batt, change BATS to BATX) lenToFind: 4, lenToReplace: 4, Target Bridge: <null string>
4:290  0:000  Using ProductName from config: MacBookPro15,2
4:290  0:000  BiosVersion: not set, Using BiosVersion from clover
4:290  0:000  BiosVersion: MBP152.88Z.F000.B00.1904222000
4:290  0:000  BiosReleaseDate: 04/22/2019
4:290  0:000  Using EfiVersion from clover: 220.270.99.0.0
4:290  0:000  Using FirmwareFeatures from clover: 0xFC0FE137
4:290  0:000  Using FirmwareFeaturesMask from clover: 0xFF1FFF3F
4:290  0:000  Using PlatformFeature from clover: 0x1A
4:290  0:000  === [ Found DSDT tables ] =================================
4:587  0:296  === [ ScanVolumes ] =======================================
4:587  0:000  Found 11 volumes with blockIO
4:587  0:000  - [00]: Volume: PciRoot(0x0)\Pci(0x1B,0x4)\Pci(0x0,0x0)\NVMe(0x1,00-00-00-00-00-00-00-00)
4:588  0:000          Result of bootcode detection: bootable unknown (legacy)
4:588  0:000  - [01]: Volume: PciRoot(0x0)\Pci(0x1B,0x4)\Pci(0x0,0x0)\NVMe(0x1,00-00-00-00-00-00-00-00)\HD(1,GPT,B2551E92-AC33-4F09-82C5-89FE51281AF2,0x22,0x64000)
4:588  0:000          Result of bootcode detection: bootable unknown (legacy)
4:588  0:000          This is SelfVolume !!
4:588  0:000  - [02]: Volume: PciRoot(0x0)\Pci(0x1B,0x4)\Pci(0x0,0x0)\NVMe(0x1,00-00-00-00-00-00-00-00)\HD(2,GPT,912AC57A-C609-45EF-9C1B-6B0CD95F53EC,0x64028,0xDF847D8)
4:589  0:000          Result of bootcode detection: bootable unknown (legacy)
4:589  0:000  - [03]: Volume: PciRoot(0x0)\Pci(0x1B,0x4)\Pci(0x0,0x0)\NVMe(0x1,00-00-00-00-00-00-00-00)\HD(3,GPT,924B0986-8046-6A00-1D25-D4DD36C579A8,0xDFE8800,0x61C99000)
4:589  0:000          Result of bootcode detection: bootable Windows (win)
4:589  0:000  - [04]: Volume: PciRoot(0x0)\Pci(0x1D,0x0)\Pci(0x0,0x0)\NVMe(0x1,98-D1-02-81-8A-38-25-00)
4:589  0:000  - [05]: Volume: PciRoot(0x0)\Pci(0x1D,0x0)\Pci(0x0,0x0)\NVMe(0x1,98-D1-02-81-8A-38-25-00)\HD(1,GPT,B80268D6-2FBB-D089-AAFB-9B6F8C5F964C,0x800,0x32000)
4:590  0:000          Result of bootcode detection: bootable Windows (win)
4:590  0:000  - [06]: Volume: PciRoot(0x0)\Pci(0x1D,0x0)\Pci(0x0,0x0)\NVMe(0x1,98-D1-02-81-8A-38-25-00)\HD(2,GPT,0692A4D3-15FB-46B3-832B-D07DCBD1C528,0x32EB8,0x3B9AE000)
4:590  0:000          Result of bootcode detection: bootable Windows (vista,win)
4:590  0:000  - [07]: Volume: PciRoot(0x0)\Pci(0x1B,0x4)\Pci(0x0,0x0)\NVMe(0x1,00-00-00-00-00-00-00-00)\HD(2,GPT,912AC57A-C609-45EF-9C1B-6B0CD95F53EC,0x64028,0xDF847D8)\VenMedia(BE74FCF7-0B7C-49F3-9147-01F4042E6842,A002FE013C31EF488305BEE584FDE1F7)
4:590  0:000          hiding this volume
4:590  0:000  - [08]: Volume: PciRoot(0x0)\Pci(0x1B,0x4)\Pci(0x0,0x0)\NVMe(0x1,00-00-00-00-00-00-00-00)\HD(2,GPT,912AC57A-C609-45EF-9C1B-6B0CD95F53EC,0x64028,0xDF847D8)\VenMedia(BE74FCF7-0B7C-49F3-9147-01F4042E6842,2B811A3747EC0A46AFBB3A5896171DD3)
4:591  0:000  - [09]: Volume: PciRoot(0x0)\Pci(0x1B,0x4)\Pci(0x0,0x0)\NVMe(0x1,00-00-00-00-00-00-00-00)\HD(2,GPT,912AC57A-C609-45EF-9C1B-6B0CD95F53EC,0x64028,0xDF847D8)\VenMedia(BE74FCF7-0B7C-49F3-9147-01F4042E6842,14C27B4A097E8F4784BCFCEC7CF774DD)
4:591  0:000          hiding this volume
4:591  0:000  - [10]: Volume: PciRoot(0x0)\Pci(0x1B,0x4)\Pci(0x0,0x0)\NVMe(0x1,00-00-00-00-00-00-00-00)\HD(2,GPT,912AC57A-C609-45EF-9C1B-6B0CD95F53EC,0x64028,0xDF847D8)\VenMedia(BE74FCF7-0B7C-49F3-9147-01F4042E6842,5E890CE0BDB0AC43A516FA17A881549D)
4:591  0:000  Loading nvram.plist from Vol 'EFI' - loaded, size=2622
4:596  0:005  === [ PutNvramPlistToRtVars ] =============================
4:596  0:000   Adding Key: EFILoginHiDPI: Size = 4, Data: 00 00 00 00 
4:597  0:000   Skipping EmuVariableUefiPresent
4:597  0:000   Adding Key: LocationServicesEnabled: Size = 1, Data: 01 
4:597  0:000   Skipping OsxAptioFixDrv-RelocBase
4:597  0:000   Adding Key: SystemAudioVolume: Size = 1, Data: 41 
4:597  0:000   Adding Key: SystemAudioVolumeDB: Size = 1, Data: F0 
4:597  0:000   Adding Key: backlight-level: Size = 2, Data: 61 5A 
4:597  0:000   Adding Key: bluetoothActiveControllerInfo: Size = 16, Data: 7A E0 89 04 00 00 00 00 A0 14 48 E2 44 E1 E6 7C 
4:597  0:000   Adding Key: csr-active-config: Size = 4, Data: 67 00 00 00 
4:597  0:000   Adding Key: efi-boot-device: Size = 216, Data: 3C 61 72 72 61 79 3E 3C 64 69 63 74 3E 3C 6B 65 79 3E 49 4F 4D 61 74 63 68 3C 2F 6B 65 79 3E 3C 64 69 63 74 3E 3C 6B 65 79 3E 49 4F 50 72 6F 76 69 64 65 72 43 6C 61 73 73 3C 2F 6B 65 79 3E 3C 73 74 72 69 6E 67 3E 49 4F 4D 65 64 69 61 3C 2F 73 74 72 69 6E 67 3E 3C 6B 65 79 3E 49 4F 50 72 6F 70 65 72 74 79 4D 61 74 63 68 3C 2F 6B 65 79 3E 3C 64 69 63 74 3E 3C 6B 65 79 3E 55 55 49 44 3C 2F 6B 65 79 3E 3C 73 74 72 69 6E 67 3E 39 31 32 41 43 35 37 41 2D 43 36 30 39 2D 34 35 45 46 2D 39 43 31 42 2D 36 42 30 43 44 39 35 46 35 33 45 43 3C 2F 73 74 72 69 6E 67 3E 3C 2F 64 69 63 74 3E 3C 2F 64 69 63 74 3E 3C 2F 64 69 63 74 3E 3C 2F 61 72 72 61 79 3E 
4:597  0:000   Adding Key: efi-boot-device-data: Size = 122, Data: 02 01 0C 00 D0 41 03 0A 00 00 00 00 01 01 06 00 04 1B 01 01 06 00 00 00 03 17 10 00 01 00 00 00 00 00 00 00 00 00 00 00 04 01 2A 00 02 00 00 00 28 40 06 00 00 00 00 00 D8 47 F8 0D 00 00 00 00 7A C5 2A 91 09 C6 EF 45 9C 1B 6B 0C D9 5F 53 EC 02 02 04 03 24 00 F7 FC 74 BE 7C 0B F3 49 91 47 01 F4 04 2E 68 42 2B 81 1A 37 47 EC 0A 46 AF BB 3A 58 96 17 1D D3 7F FF 04 00 
4:597  0:000   Adding Key: fakesmc-key-#KEY-ui32: Size = 4, Data: 00 00 00 0E 
4:597  0:000   Adding Key: fakesmc-key-$Adr-ui32: Size = 4, Data: 00 00 03 00 
4:597  0:000   Adding Key: fakesmc-key-$Num-ui8: Size = 1, Data: 01 
4:597  0:000   Adding Key: fakesmc-key-BATP-flag: Size = 1, Data: 00 
4:597  0:000   Adding Key: fakesmc-key-BBIN-ui8: Size = 1, Data: 01 
4:597  0:000   Adding Key: fakesmc-key-BEMB-flag: Size = 1, Data: 01 
4:597  0:000   Adding Key: fakesmc-key-BNum-ui8: Size = 1, Data: 01 
4:597  0:000   Adding Key: fakesmc-key-MSAc-ui16: Size = 2, Data: 00 00 
4:597  0:000   Adding Key: fakesmc-key-MSFW-ui8: Size = 2, Data: 01 00 
4:597  0:000   Adding Key: fakesmc-key-MSPS-ui16: Size = 2, Data: 00 03 
4:597  0:000   Adding Key: fakesmc-key-MSTc-ui8: Size = 1, Data: 00 
4:597  0:000   Adding Key: fakesmc-key-MSWr-ui8: Size = 1, Data: 00 
4:597  0:000   Adding Key: fakesmc-key-RMde-char: Size = 1, Data: 41 
4:597  0:000   Adding Key: fakesmc-key-RPlt-ch8*: Size = 8, Data: 6A 31 33 32 00 00 00 00 
4:597  0:000   Adding Key: flagstate: Size = 32, Data: 00 00 00 00 00 00 00 00 00 00 00 00 00 00 00 00 00 00 00 00 00 00 00 00 00 00 00 00 00 00 00 00 
4:597  0:000   Adding Key: fmm-computer-name: Size = 20, Data: 54 6F 6E 79 E2 80 99 73 20 4D 61 63 42 6F 6F 6B 20 50 72 6F 
4:597  0:000   Adding Key: nvda_drv: Size = 2, Data: 31 00 
4:597  0:000   Adding Key: prev-lang:kbd: Size = 4, Data: 65 6E 3A 30 
4:597  0:000   Adding Key: security-mode: String: Size = 4, Val = 'none'
4:597  0:000   Adding Key: specialbootdevice: Size = 122, Data: 02 01 0C 00 D0 41 03 0A 00 00 00 00 01 01 06 00 04 1B 01 01 06 00 00 00 03 17 10 00 01 00 00 00 00 00 00 00 00 00 00 00 04 01 2A 00 02 00 00 00 28 40 06 00 00 00 00 00 D8 47 F8 0D 00 00 00 00 7A C5 2A 91 09 C6 EF 45 9C 1B 6B 0C D9 5F 53 EC 02 02 04 03 24 00 F7 FC 74 BE 7C 0B F3 49 91 47 01 F4 04 2E 68 42 2B 81 1A 37 47 EC 0A 46 AF BB 3A 58 96 17 1D D3 7F FF 04 00 
4:597  0:000  found 2 handles with audio
4:597  0:000  No AudioIoDevice stored
4:597  0:000  no stored audio parameters
4:597  0:000  === [ InitTheme ] =========================================
4:597  0:000  use night theme
4:601  0:003  Using theme 'minimal' (EFI\CLOVER\themes\minimal)
4:601  0:000  OS main and drive as badge
4:601  0:000  file sound read: sound_night.wav Not Found
4:601  0:000  file sound read: sound.wav Not Found
4:607  0:005  Loading font from ThemeDir: Success
4:608  0:000  theme inited
4:608  0:000  Chosen theme minimal
4:608  0:000  after NVRAM boot-args=-cflbkltfix igfxcflbklt=1 applbkl=0 -v slide=0 watchdog=0 debug=0x100 nv_disable=1
4:608  0:000  === [ Dump SMC keys from NVRAM ] ==========================
4:608  0:000  found AppleSMC protocol
4:609  0:000  === [ ScanLoader ] ========================================
4:609  0:000  - [01]: 'EFI'
4:655  0:045          AddLoaderEntry for Volume Name=EFI
4:655  0:000          skipped because entry is hidden
4:655  0:000  - [05]: ''
4:657  0:002          AddLoaderEntry for Volume Name=
4:658  0:001          [!] Icon 19 (icons\vol_internal_ntfs.icns) not found (path: EFI\CLOVER\themes\minimal)
4:706  0:047          AddLoaderEntry for Volume Name=
4:706  0:000          skipped because entry is hidden
4:706  0:000  - [07]: 'Preboot', hidden
4:706  0:000  - [08]: 'macOS'
4:713  0:006          AddLoaderEntry for Volume Name=macOS
4:715  0:002      hibernated: set as never
4:717  0:001          [!] Icon 18 (icons\vol_internal_apfs.icns) not found (path: EFI\CLOVER\themes\minimal)
4:763  0:045  - [09]: 'Recovery', hidden
4:763  0:000  - [10]: 'VM'
4:806  0:043  === [ AddCustomTool ] =====================================
4:806  0:000  found tool \EFI\CLOVER\tools\Shell64U.efi
4:806  0:000  Checking EFI partition Volume 1 for Clover
4:806  0:000   Found Clover
4:807  0:000  EmuVariable UninstallEmulation: CloseEvent = Success, original var services restored
4:809  0:001  EmuVariable InstallEmulation: orig vars copied, emu.var.services installed, CreateEvent VirtualAddressChange = Success, CreateEvent ExitBootServices = Success, set Status=Success
4:839  0:029  === [ GetEfiBootDeviceFromNvram ] =========================
4:839  0:000   - efi-boot-device-data: PciRoot(0x0)\Pci(0x1B,0x4)\Pci(0x0,0x0)\NVMe(0x1,00-00-00-00-00-00-00-00)\HD(2,GPT,912AC57A-C609-45EF-9C1B-6B0CD95F53EC,0x64028,0xDF847D8)\VenMedia(BE74FCF7-0B7C-49F3-9147-01F4042E6842,2B811A3747EC0A46AFBB3A5896171DD3)
4:839  0:000    - Volume: 'PciRoot(0x0)\Pci(0x1B,0x4)\Pci(0x0,0x0)\NVMe(0x1,00-00-00-00-00-00-00-00)\HD(2,GPT,912AC57A-C609-45EF-9C1B-6B0CD95F53EC,0x64028,0xDF847D8)\VenMedia(BE74FCF7-0B7C-49F3-9147-01F4042E6842,2B811A3747EC0A46AFBB3A5896171DD3)'
4:839  0:000    - LoaderPath: '<null string>'
4:839  0:000    - Guid = 912AC57A-C609-45EF-9C1B-6B0CD95F53EC
4:839  0:000  === [ FindStartupDiskVolume ] =============================
4:839  0:000    - Volume: partition = PciRoot(0x0)\Pci(0x1B,0x4)\Pci(0x0,0x0)\NVMe(0x1,00-00-00-00-00-00-00-00)\HD(2,GPT,912AC57A-C609-45EF-9C1B-6B0CD95F53EC,0x64028,0xDF847D8)\VenMedia(BE74FCF7-0B7C-49F3-9147-01F4042E6842,2B811A3747EC0A46AFBB3A5896171DD3)
4:839  0:000     - searching for that partition
4:839  0:000      - found entry 1. 'Boot macOS from macOS', Volume 'macOS'
4:839  0:000  Boot redirected to Entry 1. 'Boot macOS from macOS'
4:839  0:000  EmuVariable UninstallEmulation: CloseEvent = Success, original var services restored
4:839  0:000  DefaultIndex=1 and MainMenu.EntryCount=8
5:678  0:839  can't bear mouse at all! Status=Unsupported
5:679  0:000  can't bear mouse at timeout! Status=Unsupported
5:679  0:000  GUI ready
6:381  0:702  can't bear mouse at timeout! Status=Unsupported
6:387  0:005  can't bear mouse at all! Status=Unsupported
6:649  0:262  can't bear mouse at all! Status=Unsupported
11:345  4:696  Found UEFI Acpi 2.0 RSDP at 3A442000
11:345  0:000  Saving ACPI tables from RSDP 3A442000 to EFI\CLOVER\ACPI\origin ...
11:345  0:000   3A442000: 'RSD PTR ', Rev: 2 (Acpi 2.0 or newer), Len: 36 -> RSDP.aml
11:361  0:015    (Xsdt: 3A4420B8, Rsdt: 3A442028)
11:361  0:000    3A4420B8: 'XSDT', 'GBTUACPI', Rev: 1, Len: 236 -> XSDT.aml
11:374  0:012    3A442028: 'RSDT', 'GBTUACPI', Rev: 1, Len: 136 -> RSDT.aml
11:387  0:012    Tables in Xsdt: 25
11:387  0:000    0. 3A483440: 'FACP', 'GBTUACPI', Rev: 6, Len: 276 -> FACP.aml
11:400  0:012        (Dsdt: 3A442230, Facs: 3A5B9080, XDsdt: 3A442230, XFacs: 0)
11:400  0:000        3A442230: 'DSDT', 'GBTUACPI', Rev: 2, Len: 266763 -> DSDT.aml
11:430  0:029        3A5B9080: 'FACS', Ver: 2, Len: 64 -> FACS.aml
11:442  0:012    1. 3A483558: 'APIC', 'GBTUACPI', Rev: 4, Len: 244 -> APIC.aml
11:456  0:014    2. 3A483650: 'FPDT', 'GBTUACPI', Rev: 1, Len: 68 -> FPDT.aml
11:469  0:012    3. 3A483698: 'FIDT', 'GBTUACPI', Rev: 1, Len: 156 -> FIDT.aml
11:482  0:012    4. 3A483738: 'MCFG', 'GBTUACPI', Rev: 1, Len: 60 -> MCFG.aml
11:494  0:012    5. 3A483778: 'SSDT', 'SataTabl', Rev: 1, Len: 820 -> SSDT-0-SataTabl.aml
11:507  0:012    6. 3A483AB0: 'SSDT', 'CpuSsdt', Rev: 2, Len: 6101 -> SSDT-1-CpuSsdt.aml (Found hidden SSDT 7 pcs)
11:521  0:013        * 3A3F6298: 'SSDT', 'Cpu0Ist', Rev: 2, Len: 1470  53 53 44 54 BE 05 00 00 02 D2 50 6D 52 65 66 00 Internal length = 1470 -> SSDT-x1_0-Cpu0Ist.aml
11:534  0:012        * 3A3EE018: 'SSDT', 'ApIst', Rev: 2, Len: 3825  53 53 44 54 F1 0E 00 00 02 ED 50 6D 52 65 66 00 Internal length = 3825 -> SSDT-x1_1-ApIst.aml
11:547  0:012        * 3A3ED018: 'SSDT', 'Cpu0Cst', Rev: 2, Len: 1024  53 53 44 54 00 04 00 00 02 D9 50 6D 52 65 66 00 Internal length = 1024 -> SSDT-x1_2-Cpu0Cst.aml
11:559  0:012        * 3A3EFA98: 'SSDT', 'ApCst', Rev: 2, Len: 778  53 53 44 54 0A 03 00 00 02 E9 50 6D 52 65 66 00 Internal length = 778 -> SSDT-x1_3-ApCst.aml
11:572  0:012        * 3A3F6918: 'SSDT', 'Cpu0Hwp', Rev: 2, Len: 266  53 53 44 54 0A 01 00 00 02 9F 50 6D 52 65 66 00 Internal length = 266 -> SSDT-x1_4-Cpu0Hwp.aml
11:585  0:012        * 3A3ED698: 'SSDT', 'ApHwp', Rev: 2, Len: 791  53 53 44 54 17 03 00 00 02 E3 50 6D 52 65 66 00 Internal length = 791 -> SSDT-x1_5-ApHwp.aml
11:598  0:013        * 3A3EF018: 'SSDT', 'HwpLvt', Rev: 2, Len: 1828  53 53 44 54 24 07 00 00 02 CA 50 6D 52 65 66 00 Internal length = 1828 -> SSDT-x1_6-HwpLvt.aml
11:612  0:014  
11:612  0:000    7. 3A485288: 'MSDM', 'GBTUACPI', Rev: 3, Len: 85 -> MSDM.aml
11:625  0:012    8. 3A4852E0: 'SLIC', 'GBTUACPI', Rev: 1, Len: 374 -> SLIC.aml
11:638  0:012    9. 3A485458: 'SSDT', 'SaSsdt', Rev: 2, Len: 12743 -> SSDT-2-SaSsdt.aml
11:652  0:013    10. 3A488620: 'SSDT', 'PegSsdt', Rev: 2, Len: 8135 -> SSDT-3-PegSsdt.aml
11:665  0:013    11. 3A48A5E8: 'HPET', 'GBTUACPI', Rev: 1, Len: 56 -> HPET.aml
11:678  0:013    12. 3A48A620: 'SSDT', 'Ther_Rvp', Rev: 2, Len: 3998 -> SSDT-4-Ther_Rvp.aml
11:692  0:013    13. 3A48B5C0: 'SSDT', 'xh_cfhd4', Rev: 2, Len: 10572 -> SSDT-5-xh_cfhd4.aml
11:706  0:013    14. 3A48DF10: 'UEFI', 'GBTUACPI', Rev: 1, Len: 72 -> UEFI.aml
11:718  0:012    15. 3A48DF58: 'LPIT', 'GBTUACPI', Rev: 1, Len: 92 -> LPIT.aml
11:731  0:012    16. 3A48DFB8: 'SSDT', 'PtidDevc', Rev: 2, Len: 10206 -> SSDT-6-PtidDevc.aml
11:745  0:013    17. 3A490798: 'SSDT', 'TbtTypeC', Rev: 2, Len: 4226 -> SSDT-7-TbtTypeC.aml
11:758  0:013    18. 3A491820: 'DBGP', 'GBTUACPI', Rev: 1, Len: 52 -> DBGP.aml
11:771  0:013    19. 3A491858: 'DBG2', 'GBTUACPI', Rev: 0, Len: 84 -> DBG2.aml
11:784  0:012    20. 3A4918B0: 'SSDT', 'SgPeg', Rev: 2, Len: 174 -> SSDT-8-SgPeg.aml
11:797  0:012    21. 3A491960: 'DMAR', 'EDK2', Rev: 1, Len: 168 -> DMAR.aml
11:810  0:012    22. 3A491A08: 'BGRT', 'GBTUACPI', Rev: 1, Len: 56 -> BGRT.aml
11:823  0:012    23. 3A491A40: 'SSDT', 'OptTabl', Rev: 1, Len: 7801 -> SSDT-9-OptTabl.aml
11:836  0:013    24. 3A4938C0: 'WSMT', 'GBTUACPI', Rev: 1, Len: 40 -> WSMT.aml
11:849  0:013    Tables in Rsdt: 25
11:849  0:000    0. 3A4421A8: 'FACP', 'GBTUACPI', Rev: 2, Len: 132 -> RSDT-FACP.aml
11:862  0:012        (Dsdt: 3A442230, Facs: 3A5B9040)
11:862  0:000        3A442230: 'DSDT', 'GBTUACPI', Rev: 2, Len: 266763
11:878  0:015        3A5B9040: 'FACS', Ver: 0, Len: 64 -> RSDT-FACS.aml
11:890  0:012    1. 3A483558: 'APIC', 'GBTUACPI', Rev: 4, Len: 244
11:890  0:000    2. 3A483650: 'FPDT', 'GBTUACPI', Rev: 1, Len: 68
11:890  0:000    3. 3A483698: 'FIDT', 'GBTUACPI', Rev: 1, Len: 156
11:890  0:000    4. 3A483738: 'MCFG', 'GBTUACPI', Rev: 1, Len: 60
11:890  0:000    5. 3A483778: 'SSDT', 'SataTabl', Rev: 1, Len: 820
11:890  0:000    6. 3A483AB0: 'SSDT', 'CpuSsdt', Rev: 2, Len: 6101
11:890  0:000    7. 3A485288: 'MSDM', 'GBTUACPI', Rev: 3, Len: 85
11:890  0:000    8. 3A4852E0: 'SLIC', 'GBTUACPI', Rev: 1, Len: 374
11:890  0:000    9. 3A485458: 'SSDT', 'SaSsdt', Rev: 2, Len: 12743
11:890  0:000    10. 3A488620: 'SSDT', 'PegSsdt', Rev: 2, Len: 8135
11:890  0:000    11. 3A48A5E8: 'HPET', 'GBTUACPI', Rev: 1, Len: 56
11:890  0:000    12. 3A48A620: 'SSDT', 'Ther_Rvp', Rev: 2, Len: 3998
11:890  0:000    13. 3A48B5C0: 'SSDT', 'xh_cfhd4', Rev: 2, Len: 10572
11:890  0:000    14. 3A48DF10: 'UEFI', 'GBTUACPI', Rev: 1, Len: 72
11:890  0:000    15. 3A48DF58: 'LPIT', 'GBTUACPI', Rev: 1, Len: 92
11:890  0:000    16. 3A48DFB8: 'SSDT', 'PtidDevc', Rev: 2, Len: 10206
11:890  0:000    17. 3A490798: 'SSDT', 'TbtTypeC', Rev: 2, Len: 4226
11:890  0:000    18. 3A491820: 'DBGP', 'GBTUACPI', Rev: 1, Len: 52
11:890  0:000    19. 3A491858: 'DBG2', 'GBTUACPI', Rev: 0, Len: 84
11:890  0:000    20. 3A4918B0: 'SSDT', 'SgPeg', Rev: 2, Len: 174
11:890  0:000    21. 3A491960: 'DMAR', 'EDK2', Rev: 1, Len: 168
11:890  0:000    22. 3A491A08: 'BGRT', 'GBTUACPI', Rev: 1, Len: 56
11:890  0:000    23. 3A491A40: 'SSDT', 'OptTabl', Rev: 1, Len: 7801
11:890  0:000    24. 3A4938C0: 'WSMT', 'GBTUACPI', Rev: 1, Len: 40
11:890  0:000  Found UEFI Acpi 1.0 RSDP at 3A442000
11:891  0:000  Printing ACPI tables from RSDP 3A442000 ...
11:891  0:000   3A442000: 'RSD PTR ', Rev: 2 (Acpi 2.0 or newer), Len: 36
11:891  0:000    (Xsdt: 3A4420B8, Rsdt: 3A442028)
11:891  0:000    3A4420B8: 'XSDT', 'GBTUACPI', Rev: 1, Len: 236
11:891  0:000    3A442028: 'RSDT', 'GBTUACPI', Rev: 1, Len: 136
11:891  0:000    Tables in Xsdt: 25
11:891  0:000    0. 3A483440: 'FACP', 'GBTUACPI', Rev: 6, Len: 276
11:891  0:000        (Dsdt: 3A442230, Facs: 3A5B9080, XDsdt: 3A442230, XFacs: 0)
11:891  0:000        3A442230: 'DSDT', 'GBTUACPI', Rev: 2, Len: 266763
11:906  0:015        3A5B9080: 'FACS', Ver: 2, Len: 64
11:906  0:000    1. 3A483558: 'APIC', 'GBTUACPI', Rev: 4, Len: 244
11:906  0:000    2. 3A483650: 'FPDT', 'GBTUACPI', Rev: 1, Len: 68
11:906  0:000    3. 3A483698: 'FIDT', 'GBTUACPI', Rev: 1, Len: 156
11:906  0:000    4. 3A483738: 'MCFG', 'GBTUACPI', Rev: 1, Len: 60
11:906  0:000    5. 3A483778: 'SSDT', 'SataTabl', Rev: 1, Len: 820
11:906  0:000    6. 3A483AB0: 'SSDT', 'CpuSsdt', Rev: 2, Len: 6101
11:906  0:000    7. 3A485288: 'MSDM', 'GBTUACPI', Rev: 3, Len: 85
11:906  0:000    8. 3A4852E0: 'SLIC', 'GBTUACPI', Rev: 1, Len: 374
11:906  0:000    9. 3A485458: 'SSDT', 'SaSsdt', Rev: 2, Len: 12743
11:906  0:000    10. 3A488620: 'SSDT', 'PegSsdt', Rev: 2, Len: 8135
11:906  0:000    11. 3A48A5E8: 'HPET', 'GBTUACPI', Rev: 1, Len: 56
11:906  0:000    12. 3A48A620: 'SSDT', 'Ther_Rvp', Rev: 2, Len: 3998
11:906  0:000    13. 3A48B5C0: 'SSDT', 'xh_cfhd4', Rev: 2, Len: 10572
11:906  0:000    14. 3A48DF10: 'UEFI', 'GBTUACPI', Rev: 1, Len: 72
11:906  0:000    15. 3A48DF58: 'LPIT', 'GBTUACPI', Rev: 1, Len: 92
11:906  0:000    16. 3A48DFB8: 'SSDT', 'PtidDevc', Rev: 2, Len: 10206
11:906  0:000    17. 3A490798: 'SSDT', 'TbtTypeC', Rev: 2, Len: 4226
11:906  0:000    18. 3A491820: 'DBGP', 'GBTUACPI', Rev: 1, Len: 52
11:906  0:000    19. 3A491858: 'DBG2', 'GBTUACPI', Rev: 0, Len: 84
11:906  0:000    20. 3A4918B0: 'SSDT', 'SgPeg', Rev: 2, Len: 174
11:906  0:000    21. 3A491960: 'DMAR', 'EDK2', Rev: 1, Len: 168
11:906  0:000    22. 3A491A08: 'BGRT', 'GBTUACPI', Rev: 1, Len: 56
11:906  0:000    23. 3A491A40: 'SSDT', 'OptTabl', Rev: 1, Len: 7801
11:906  0:000    24. 3A4938C0: 'WSMT', 'GBTUACPI', Rev: 1, Len: 40
11:906  0:000    Tables in Rsdt: 25
11:906  0:000    0. 3A4421A8: 'FACP', 'GBTUACPI', Rev: 2, Len: 132
11:906  0:000        (Dsdt: 3A442230, Facs: 3A5B9040)
11:906  0:000        3A442230: 'DSDT', 'GBTUACPI', Rev: 2, Len: 266763
11:921  0:015        3A5B9040: 'FACS', Ver: 0, Len: 64
11:921  0:000    1. 3A483558: 'APIC', 'GBTUACPI', Rev: 4, Len: 244
11:921  0:000    2. 3A483650: 'FPDT', 'GBTUACPI', Rev: 1, Len: 68
11:921  0:000    3. 3A483698: 'FIDT', 'GBTUACPI', Rev: 1, Len: 156
11:921  0:000    4. 3A483738: 'MCFG', 'GBTUACPI', Rev: 1, Len: 60
11:921  0:000    5. 3A483778: 'SSDT', 'SataTabl', Rev: 1, Len: 820
11:921  0:000    6. 3A483AB0: 'SSDT', 'CpuSsdt', Rev: 2, Len: 6101
11:921  0:000    7. 3A485288: 'MSDM', 'GBTUACPI', Rev: 3, Len: 85
11:921  0:000    8. 3A4852E0: 'SLIC', 'GBTUACPI', Rev: 1, Len: 374
11:921  0:000    9. 3A485458: 'SSDT', 'SaSsdt', Rev: 2, Len: 12743
11:921  0:000    10. 3A488620: 'SSDT', 'PegSsdt', Rev: 2, Len: 8135
11:921  0:000    11. 3A48A5E8: 'HPET', 'GBTUACPI', Rev: 1, Len: 56
11:921  0:000    12. 3A48A620: 'SSDT', 'Ther_Rvp', Rev: 2, Len: 3998
11:921  0:000    13. 3A48B5C0: 'SSDT', 'xh_cfhd4', Rev: 2, Len: 10572
11:921  0:000    14. 3A48DF10: 'UEFI', 'GBTUACPI', Rev: 1, Len: 72
11:921  0:000    15. 3A48DF58: 'LPIT', 'GBTUACPI', Rev: 1, Len: 92
11:921  0:000    16. 3A48DFB8: 'SSDT', 'PtidDevc', Rev: 2, Len: 10206
11:921  0:000    17. 3A490798: 'SSDT', 'TbtTypeC', Rev: 2, Len: 4226
11:921  0:000    18. 3A491820: 'DBGP', 'GBTUACPI', Rev: 1, Len: 52
11:921  0:000    19. 3A491858: 'DBG2', 'GBTUACPI', Rev: 0, Len: 84
11:921  0:000    20. 3A4918B0: 'SSDT', 'SgPeg', Rev: 2, Len: 174
11:921  0:000    21. 3A491960: 'DMAR', 'EDK2', Rev: 1, Len: 168
11:921  0:000    22. 3A491A08: 'BGRT', 'GBTUACPI', Rev: 1, Len: 56
11:921  0:000    23. 3A491A40: 'SSDT', 'OptTabl', Rev: 1, Len: 7801
11:921  0:000    24. 3A4938C0: 'WSMT', 'GBTUACPI', Rev: 1, Len: 40
12:412  0:490  exit from MainMenu 1
12:412  0:000  ParseBootOption: invalid input params
12:412  0:000  BootVariable of the entry is empty
12:412  0:000  === [ StartLoader ] =======================================
12:412  0:000  Finally: ExternalClock=26MHz BusSpeed=100383kHz CPUFreq=2208MHz PIS: hw.busfrequency=104000000Hz
12:412  0:000  Loading boot.efi  status=Success
12:418  0:005  GetOSVersion: 10.14.6 (18G84)
12:418  0:000  CSR_CFG: CSR_ALLOW_UNTRUSTED_KEXTS | CSR_ALLOW_UNRESTRICTED_FS | CSR_ALLOW_TASK_FOR_PID | CSR_ALLOW_UNRESTRICTED_DTRACE | CSR_ALLOW_UNRESTRICTED_NVRAM
12:418  0:000  Filtering KextPatches:
12:418  0:000   - [00]: IOBufferCopyController (disable IOBufferCopyController (Credit by DalianSky)) :: PlistPatch :: [OS: 10.14.6 | MatchOS: All | MatchBuild: All] ==> allowed
12:418  0:000   - [01]: AppleIntelLpssI2C (Disable AppleIntelLpssI2C (credit by Coolstar)) :: PlistPatch :: [OS: 10.14.6 | MatchOS: All | MatchBuild: All] ==> allowed
12:418  0:000   - [02]: AppleIntelLpssI2CController (Disable AppleIntelLpssI2CCOntroller (credit by Coolstar)) :: PlistPatch :: [OS: 10.14.6 | MatchOS: All | MatchBuild: All] ==> allowed
12:418  0:000   - [03]: com.apple.iokit.IOAHCIBlockStorage (Enable TRIM for SSD) :: BinPatch :: [OS: 10.14.6 | MatchOS: All | MatchBuild: All] ==> allowed
12:418  0:000   - [04]: AppleAHCIPort (External icons patch) :: BinPatch :: [OS: 10.14.6 | MatchOS: All | MatchBuild: All] ==> allowed
12:418  0:000   - [05]: com.apple.driver.usb.AppleUSBXHCI (disable port limit in XHCI kext (credit RehabMan, based prior PMHeart patch)) :: BinPatch :: [OS: 10.14.6 | MatchOS: 10.13.6 | MatchBuild: All] ==> disabled by user
12:418  0:000  Filtering KernelPatches:
12:418  0:000   - [00]: MSR 0xE2 _xcpm_idle instant reboot(c) Pike R. Alpha :: [OS: 10.14.6 | MatchOS: All | MatchBuild: no] ==> allowed by OS
12:418  0:000  Will not patch boot.efi
12:418  0:000  EmuVariable InstallEmulation: orig vars copied, emu.var.services installed, CreateEvent VirtualAddressChange = Success, CreateEvent ExitBootServices = Success, set Status=Success
12:448  0:030  === [ PatchSmbios ] =======================================
12:448  0:000  insert table 9 for dev 0:0
12:448  0:000  insert table 9 for dev 0:0
12:448  0:000  insert table 9 for dev 0:0
12:448  0:000  Table 11 present, but rewritten for us
12:453  0:004  Trusting SMBIOS...
12:453  0:000  Channels: 2
12:453  0:000  Interleave: 0 2 1 3 4 6 5 7 8 10 9 11 12 14 13 15 16 18 17 19 20 22 21 23
12:453  0:000   partNum=16ATF2G64HZ-2G6H1   
12:453  0:000  SMBIOS Type 17 Index = 0 => 0 0:
12:453  0:000  BANK 0 DIMM0 2667MHz 16384MB
12:453  0:000   partNum=TN416G26D819-SB     
12:453  0:000  SMBIOS Type 17 Index = 1 => 2 2:
12:453  0:000  BANK 1 DIMM0 2667MHz 16384MB
12:453  0:000  mTotalSystemMemory = 32768
12:453  0:000  NumberOfMemoryDevices = 2
12:453  0:000  Type20[0]->End = 0xFFFFFF, Type17[0] = 0x4000
12:453  0:000  Type20[1]->End = 0x1FFFFFF, Type17[1] = 0xC000
12:453  0:000  Table 131 is present, CPUType=10
12:453  0:000  Change to: 709
12:453  0:000  === [ PatchACPI ] =========================================
12:453  0:000  Xsdt reallocation done
12:453  0:000  old FADT length=114
12:453  0:000   SignatureFixup: 0xD4D98A1E -> 0x0
12:454  0:000  Apply DsdtFixMask=0x01004000
12:454  0:000     drop _DSM mask=0x0000
12:454  0:000  === [ FixBiosDsdt ] =======================================
12:455  0:001  Patching DSDT:
12:455  0:000   - [change H_EC to EC]: pattern 485F4543, patched at: [ (2A2) (532) (CA60) (10) (6EA7) (15) (985) (16) (16) (33) (FE9) (12) (F) (19) (12) (F) (17276) (24) (119C9) (516) ]
12:456  0:001   - [change HECI to IMEI]: pattern 48454349, patched at: [ (11BF4) (17746) (1FAE) ]
12:457  0:001   - [change SAT0 to SATA]: pattern 53415430, patched at: [ (364) (12) (1CA) (16) (16) (16) (16) (16) (16) (16) (16) (16) (16) (16) (D994) (222A) (27) (28) (28) (28) (28) (28) (29) (29) (29) (29) (29) (31) (27) (28) (28) (28) (28) (28) (29) (29) (29) (29) (29) (18B63) (1A00) (21) (10B) (4D1) (1B3) (29) (2E) (2E) (2E) ]
12:459  0:001   - [change GFX0 to IGPU, optionally pair with SSDT-IGPU.aml]: pattern 47465830, patched at: [ (51) (E) (12) (12) (12) (5E) (12) (12) (77) (12) (64D) (12) (3619) (53F9) (AEF4) (1B) (3A87) (14) (11526) (1B84) (13B40) (20AF) (16) (750) ]
12:460  0:001   - [change HDAS to HDEF, optionally pair with SSDT-HDEF.aml]: pattern 48444153, patched at: [ (2E4) (12) (12) (D1BB) (76) (3F) (66) (A7) (DB) (89) (1BBA5) (19D0) (A748) (8FCC) ]
12:461  0:001   - [change Method(_PTS,1,N) to ZPTS, pair with SSDT-PTSWAK.aml]: pattern 5F505453, patched at: [ (8C55) ]
12:462  0:001   - [change Method(_WAK,1,N) to ZWAK, pair with SSDT-PTSWAK.aml]: pattern 5F57414B, patched at: [ (8C98) ]
12:464  0:001   - [change Method(GPRW,2,N) to XPRW, pair with SSDT-GPRW.aml]: pattern 47505257, patched at: [ (15861) ]
12:465  0:001   - [change _OSI to XOSI, pair with SSDT-XOSI.aml]: pattern 5F4F5349, patched at: [ (90AA) (BDCB) (3) (18) (1C) (1C) (1A) (18) (18) (18) (18) (2B8B2) (16) (16) (16) (209) (16) (16) (16) (3B) (16) (16) (16) ]
12:467  0:001   - [Batt, change WMBD to XMBD]: pattern 574D4244, patched at: [ (3F6DE) ]
12:468  0:001   - [Batt, change WMBC to XMBC]: pattern 574D4243, patched at: [ (3FBB0) (4A0) ]
12:469  0:001   - [Batt, change _BIF to XBIF]: pattern 5F424946, patched at: [ (405E6) ]
12:470  0:001   - [Batt, change _BST to XBST]: pattern 5F425354, patched at: [ (3EBFE) (29) (1A78) ]
12:472  0:001   - [Batt, change BATS to BATX]: pattern 42415453, patched at: [ (408FA) (55) ]
12:473  0:001    0 replacements
12:486  0:012  PreCleanup XSDT: count=25, length=236
12:486  0:000  PreCleanup XSDT, corrected XSDT: count=25, length=236
12:486  0:000  === [ ACPIPatchedAML ] ====================================
12:486  0:000  AutoMerge pass 1
12:486  0:000  Unsorted
12:486  0:000  Inserting SSDT-MEM2.aml from EFI\CLOVER\ACPI\patched: ignore on pass 1
12:486  0:000  Inserting SSDT-PNLF.aml from EFI\CLOVER\ACPI\patched: ignore on pass 1
12:486  0:000  Inserting SSDT-USBX.aml from EFI\CLOVER\ACPI\patched: ignore on pass 1
12:486  0:000  Inserting SSDT-Disable-DGPU.aml from EFI\CLOVER\ACPI\patched: ignore on pass 1
12:486  0:000  Inserting SSDT-HPET.aml from EFI\CLOVER\ACPI\patched: ignore on pass 1
12:486  0:000  Inserting SSDT-DTPG.aml from EFI\CLOVER\ACPI\patched: ignore on pass 1
12:486  0:000  Inserting SSDT-BATT.aml from EFI\CLOVER\ACPI\patched: ignore on pass 1
12:486  0:000  Inserting SSDT-MCHC.aml from EFI\CLOVER\ACPI\patched: ignore on pass 1
12:486  0:000  Inserting SSDT-XOSI.aml from EFI\CLOVER\ACPI\patched: ignore on pass 1
12:486  0:000  Inserting SSDT-EC.aml from EFI\CLOVER\ACPI\patched: ignore on pass 1
12:486  0:000  Inserting SSDT-GPRW.aml from EFI\CLOVER\ACPI\patched: ignore on pass 1
12:486  0:000  Inserting SSDT-TB3.aml from EFI\CLOVER\ACPI\patched: ignore on pass 1
12:486  0:000  Inserting SSDT-UIAC.aml from EFI\CLOVER\ACPI\patched: ignore on pass 1
12:486  0:000  Inserting SSDT-PTSWAK.aml from EFI\CLOVER\ACPI\patched: ignore on pass 1
12:486  0:000  Inserting SSDT-XCPM.aml from EFI\CLOVER\ACPI\patched: ignore on pass 1
12:486  0:000  Inserting SSDT-ALS0.aml from EFI\CLOVER\ACPI\patched: ignore on pass 1
12:486  0:000  Inserting SSDT-PMCR.aml from EFI\CLOVER\ACPI\patched: ignore on pass 1
12:486  0:000  === [ ACPIDropTables ] ====================================
12:486  0:000  Drop tables from XSDT, SIGN=DMAR TableID=EDK2     Length=168
12:486  0:000   Table[21]: DMAR  EDK2      168 dropped
12:486  0:000  Patching SSDT SataTabl Length=820
12:486  0:000  0. [change H_EC to EC]: pattern 485F4543, bin not found / already patched!
12:486  0:000  1. [change HECI to IMEI]: pattern 48454349, bin not found / already patched!
12:486  0:000  2. [change SAT0 to SATA]: pattern 53415430, patched at: [ (20) (E) (12) (12) (12) (12) (12) (AB) ]
12:486  0:000  3. [change GFX0 to IGPU, optionally pair with SSDT-IGPU.aml]: pattern 47465830, bin not found / already patched!
12:486  0:000  4. [change HDAS to HDEF, optionally pair with SSDT-HDEF.aml]: pattern 48444153, bin not found / already patched!
12:486  0:000  5. [change Method(_PTS,1,N) to ZPTS, pair with SSDT-PTSWAK.aml]: pattern 5F505453, bin not found / already patched!
12:486  0:000  6. [change Method(_WAK,1,N) to ZWAK, pair with SSDT-PTSWAK.aml]: pattern 5F57414B, bin not found / already patched!
12:486  0:000  7. [change Method(GPRW,2,N) to XPRW, pair with SSDT-GPRW.aml]: pattern 47505257, bin not found / already patched!
12:486  0:000  8. [change _OSI to XOSI, pair with SSDT-XOSI.aml]: pattern 5F4F5349, bin not found / already patched!
12:486  0:000  9. [Batt, change WMBD to XMBD]: pattern 574D4244, bin not found / already patched!
12:486  0:000  10. [Batt, change WMBC to XMBC]: pattern 574D4243, bin not found / already patched!
12:486  0:000  11. [Batt, change _BIF to XBIF]: pattern 5F424946, bin not found / already patched!
12:486  0:000  12. [Batt, change _BST to XBST]: pattern 5F425354, bin not found / already patched!
12:486  0:000  13. [Batt, change BATS to BATX]: pattern 42415453, bin not found / already patched!
12:486  0:000    0 replacements
12:486  0:000  Patching SSDT CpuSsdt Length=6101
12:486  0:000  0. [change H_EC to EC]: pattern 485F4543, bin not found / already patched!
12:486  0:000  1. [change HECI to IMEI]: pattern 48454349, bin not found / already patched!
12:486  0:000  2. [change SAT0 to SATA]: pattern 53415430, bin not found / already patched!
12:486  0:000  3. [change GFX0 to IGPU, optionally pair with SSDT-IGPU.aml]: pattern 47465830, bin not found / already patched!
12:487  0:000  4. [change HDAS to HDEF, optionally pair with SSDT-HDEF.aml]: pattern 48444153, bin not found / already patched!
12:487  0:000  5. [change Method(_PTS,1,N) to ZPTS, pair with SSDT-PTSWAK.aml]: pattern 5F505453, bin not found / already patched!
12:487  0:000  6. [change Method(_WAK,1,N) to ZWAK, pair with SSDT-PTSWAK.aml]: pattern 5F57414B, bin not found / already patched!
12:487  0:000  7. [change Method(GPRW,2,N) to XPRW, pair with SSDT-GPRW.aml]: pattern 47505257, bin not found / already patched!
12:487  0:000  8. [change _OSI to XOSI, pair with SSDT-XOSI.aml]: pattern 5F4F5349, bin not found / already patched!
12:487  0:000  9. [Batt, change WMBD to XMBD]: pattern 574D4244, bin not found / already patched!
12:487  0:000  10. [Batt, change WMBC to XMBC]: pattern 574D4243, bin not found / already patched!
12:487  0:000  11. [Batt, change _BIF to XBIF]: pattern 5F424946, bin not found / already patched!
12:487  0:000  12. [Batt, change _BST to XBST]: pattern 5F425354, bin not found / already patched!
12:487  0:000  13. [Batt, change BATS to BATX]: pattern 42415453, bin not found / already patched!
12:487  0:000    0 replacements
12:487  0:000  Found OperationRegion(PNVS, SystemMemory, 3ADBB000, ...)
12:487  0:000  Patching SSDT SaSsdt  Length=12743
12:487  0:000  0. [change H_EC to EC]: pattern 485F4543, bin not found / already patched!
12:487  0:000  1. [change HECI to IMEI]: pattern 48454349, bin not found / already patched!
12:487  0:000  2. [change SAT0 to SATA]: pattern 53415430, bin not found / already patched!
12:487  0:000  3. [change GFX0 to IGPU, optionally pair with SSDT-IGPU.aml]: pattern 47465830, patched at: [ (2D) (3A) (46) (2C1) (1C9B) (A3A) (1D) (6AF) ]
12:487  0:000  4. [change HDAS to HDEF, optionally pair with SSDT-HDEF.aml]: pattern 48444153, bin not found / already patched!
12:487  0:000  5. [change Method(_PTS,1,N) to ZPTS, pair with SSDT-PTSWAK.aml]: pattern 5F505453, bin not found / already patched!
12:487  0:000  6. [change Method(_WAK,1,N) to ZWAK, pair with SSDT-PTSWAK.aml]: pattern 5F57414B, bin not found / already patched!
12:488  0:000  7. [change Method(GPRW,2,N) to XPRW, pair with SSDT-GPRW.aml]: pattern 47505257, bin not found / already patched!
12:488  0:000  8. [change _OSI to XOSI, pair with SSDT-XOSI.aml]: pattern 5F4F5349, bin not found / already patched!
12:488  0:000  9. [Batt, change WMBD to XMBD]: pattern 574D4244, bin not found / already patched!
12:488  0:000  10. [Batt, change WMBC to XMBC]: pattern 574D4243, bin not found / already patched!
12:488  0:000  11. [Batt, change _BIF to XBIF]: pattern 5F424946, bin not found / already patched!
12:488  0:000  12. [Batt, change _BST to XBST]: pattern 5F425354, bin not found / already patched!
12:488  0:000  13. [Batt, change BATS to BATX]: pattern 42415453, bin not found / already patched!
12:488  0:000    0 replacements
12:488  0:000  Found OperationRegion(SANV, SystemMemory, 3A5B9118, ...)
12:488  0:000  Patching SSDT PegSsdt Length=8135
12:488  0:000  0. [change H_EC to EC]: pattern 485F4543, bin not found / already patched!
12:488  0:000  1. [change HECI to IMEI]: pattern 48454349, bin not found / already patched!
12:488  0:000  2. [change SAT0 to SATA]: pattern 53415430, bin not found / already patched!
12:488  0:000  3. [change GFX0 to IGPU, optionally pair with SSDT-IGPU.aml]: pattern 47465830, bin not found / already patched!
12:488  0:000  4. [change HDAS to HDEF, optionally pair with SSDT-HDEF.aml]: pattern 48444153, bin not found / already patched!
12:488  0:000  5. [change Method(_PTS,1,N) to ZPTS, pair with SSDT-PTSWAK.aml]: pattern 5F505453, bin not found / already patched!
12:488  0:000  6. [change Method(_WAK,1,N) to ZWAK, pair with SSDT-PTSWAK.aml]: pattern 5F57414B, bin not found / already patched!
12:488  0:000  7. [change Method(GPRW,2,N) to XPRW, pair with SSDT-GPRW.aml]: pattern 47505257, bin not found / already patched!
12:489  0:000  8. [change _OSI to XOSI, pair with SSDT-XOSI.aml]: pattern 5F4F5349, bin not found / already patched!
12:489  0:000  9. [Batt, change WMBD to XMBD]: pattern 574D4244, bin not found / already patched!
12:489  0:000  10. [Batt, change WMBC to XMBC]: pattern 574D4243, bin not found / already patched!
12:489  0:000  11. [Batt, change _BIF to XBIF]: pattern 5F424946, bin not found / already patched!
12:489  0:000  12. [Batt, change _BST to XBST]: pattern 5F425354, bin not found / already patched!
12:489  0:000  13. [Batt, change BATS to BATX]: pattern 42415453, bin not found / already patched!
12:489  0:000    0 replacements
12:489  0:000  Patching SSDT Ther_Rvp Length=3998
12:489  0:000  0. [change H_EC to EC]: pattern 485F4543, patched at: [ (1FE) (16) (16) (16) (16) (16) (16) (16) (4E2) (22) (18) (20) (18) (15) (15) (13) (257) (14) ]
12:489  0:000  1. [change HECI to IMEI]: pattern 48454349, bin not found / already patched!
12:489  0:000  2. [change SAT0 to SATA]: pattern 53415430, bin not found / already patched!
12:489  0:000  3. [change GFX0 to IGPU, optionally pair with SSDT-IGPU.aml]: pattern 47465830, bin not found / already patched!
12:489  0:000  4. [change HDAS to HDEF, optionally pair with SSDT-HDEF.aml]: pattern 48444153, bin not found / already patched!
12:489  0:000  5. [change Method(_PTS,1,N) to ZPTS, pair with SSDT-PTSWAK.aml]: pattern 5F505453, bin not found / already patched!
12:489  0:000  6. [change Method(_WAK,1,N) to ZWAK, pair with SSDT-PTSWAK.aml]: pattern 5F57414B, bin not found / already patched!
12:489  0:000  7. [change Method(GPRW,2,N) to XPRW, pair with SSDT-GPRW.aml]: pattern 47505257, bin not found / already patched!
12:489  0:000  8. [change _OSI to XOSI, pair with SSDT-XOSI.aml]: pattern 5F4F5349, bin not found / already patched!
12:489  0:000  9. [Batt, change WMBD to XMBD]: pattern 574D4244, bin not found / already patched!
12:489  0:000  10. [Batt, change WMBC to XMBC]: pattern 574D4243, bin not found / already patched!
12:489  0:000  11. [Batt, change _BIF to XBIF]: pattern 5F424946, bin not found / already patched!
12:489  0:000  12. [Batt, change _BST to XBST]: pattern 5F425354, bin not found / already patched!
12:489  0:000  13. [Batt, change BATS to BATX]: pattern 42415453, bin not found / already patched!
12:489  0:000    0 replacements
12:489  0:000  Patching SSDT xh_cfhd4 Length=10572
12:489  0:000  0. [change H_EC to EC]: pattern 485F4543, bin not found / already patched!
12:489  0:000  1. [change HECI to IMEI]: pattern 48454349, bin not found / already patched!
12:489  0:000  2. [change SAT0 to SATA]: pattern 53415430, bin not found / already patched!
12:490  0:000  3. [change GFX0 to IGPU, optionally pair with SSDT-IGPU.aml]: pattern 47465830, bin not found / already patched!
12:490  0:000  4. [change HDAS to HDEF, optionally pair with SSDT-HDEF.aml]: pattern 48444153, bin not found / already patched!
12:490  0:000  5. [change Method(_PTS,1,N) to ZPTS, pair with SSDT-PTSWAK.aml]: pattern 5F505453, bin not found / already patched!
12:490  0:000  6. [change Method(_WAK,1,N) to ZWAK, pair with SSDT-PTSWAK.aml]: pattern 5F57414B, bin not found / already patched!
12:490  0:000  7. [change Method(GPRW,2,N) to XPRW, pair with SSDT-GPRW.aml]: pattern 47505257, bin not found / already patched!
12:490  0:000  8. [change _OSI to XOSI, pair with SSDT-XOSI.aml]: pattern 5F4F5349, bin not found / already patched!
12:490  0:000  9. [Batt, change WMBD to XMBD]: pattern 574D4244, bin not found / already patched!
12:490  0:000  10. [Batt, change WMBC to XMBC]: pattern 574D4243, bin not found / already patched!
12:490  0:000  11. [Batt, change _BIF to XBIF]: pattern 5F424946, bin not found / already patched!
12:490  0:000  12. [Batt, change _BST to XBST]: pattern 5F425354, bin not found / already patched!
12:490  0:000  13. [Batt, change BATS to BATX]: pattern 42415453, bin not found / already patched!
12:490  0:000    0 replacements
12:490  0:000  Patching SSDT PtidDevc Length=10206
12:490  0:000  0. [change H_EC to EC]: pattern 485F4543, patched at: [ (24) (57) (16) (16) (16) (16) (16) (16) (16) (16) (28) (16) (16) (16) (16) (16) (16) (16) (16) (16) (16) (16) (16) (16) (16) (16) (16) (16) (16) (16) (16) (16) (16) (16) (16) (16) (16) (16) (16) (16) (16) (16) (16) (16) (16) (16) (16) (16) (16) (16) (16) (16) (16) (16) (16) (16) (16) (16) (16) (16) (16) (16) (16) (16) (16) (16) (16) (16) (16) (16) (16) (16) (16) (16) (16) (95B) (16) (14) (21) (14) (21) (14) (21) (14) (22) (14) (25) (14) (25) (14) (13A) (16) (14) (21) (14) (21) (14) (21) (14) (21) (14) (22) (14) (25) (14) (25) (14) (B3) (15) (14) (1B) (14) (1D) (14) (1E) (14) (1C) (14) (1C) (14) (1C) (14) (1C) (14) (1C) (14) (1C) (14) (1C) (14) (1C) (14) (1C) (14) (1C) (14) (1C) (14) (35) (14) (16) (14) (44) (4E) (14) (1B) (14) (1B) (14) (4C) (14) (1B) (14) (AA) (15) (14) (1C) (14) (1C) (14) (1C) (14) (1C) (14) (1C) (14) (1C) (14) (1C) (14) (1C) (14) (1C) (14) (1C) (14) (1C) (14) (1C) (14) (1C) (14) (1C) (14) (1C) (14) (1C) (14) (1C) (14) (1C) (14) (1C) (14) (3A) (14) (1A) (13) (1A) (13) (1A) (13) (1A) (13) (1A) (13) (1A) (13) (1A) (13) (1A) (13) (1A) (13) (1A) (13) (1A) (13) (1A) (13) (1A) (13) (1A) (13) (1A) (13) (1A) (13) (1A) (13) (1A) (13) (1A) (13) (1A) (13) (21) (14) (21) (14) (23) (15) (14) (25) (15) (14) (19) (14) (1D) (14) (1D) (14) ]
12:491  0:000  1. [change HECI to IMEI]: pattern 48454349, bin not found / already patched!
12:491  0:000  2. [change SAT0 to SATA]: pattern 53415430, bin not found / already patched!
12:491  0:000  3. [change GFX0 to IGPU, optionally pair with SSDT-IGPU.aml]: pattern 47465830, bin not found / already patched!
12:491  0:000  4. [change HDAS to HDEF, optionally pair with SSDT-HDEF.aml]: pattern 48444153, bin not found / already patched!
12:491  0:000  5. [change Method(_PTS,1,N) to ZPTS, pair with SSDT-PTSWAK.aml]: pattern 5F505453, bin not found / already patched!
12:491  0:000  6. [change Method(_WAK,1,N) to ZWAK, pair with SSDT-PTSWAK.aml]: pattern 5F57414B, bin not found / already patched!
12:491  0:000  7. [change Method(GPRW,2,N) to XPRW, pair with SSDT-GPRW.aml]: pattern 47505257, bin not found / already patched!
12:491  0:000  8. [change _OSI to XOSI, pair with SSDT-XOSI.aml]: pattern 5F4F5349, bin not found / already patched!
12:491  0:000  9. [Batt, change WMBD to XMBD]: pattern 574D4244, bin not found / already patched!
12:491  0:000  10. [Batt, change WMBC to XMBC]: pattern 574D4243, bin not found / already patched!
12:491  0:000  11. [Batt, change _BIF to XBIF]: pattern 5F424946, bin not found / already patched!
12:491  0:000  12. [Batt, change _BST to XBST]: pattern 5F425354, bin not found / already patched!
12:491  0:000  13. [Batt, change BATS to BATX]: pattern 42415453, bin not found / already patched!
12:491  0:000    0 replacements
12:491  0:000  Patching SSDT TbtTypeC Length=4226
12:491  0:000  0. [change H_EC to EC]: pattern 485F4543, bin not found / already patched!
12:491  0:000  1. [change HECI to IMEI]: pattern 48454349, bin not found / already patched!
12:491  0:000  2. [change SAT0 to SATA]: pattern 53415430, bin not found / already patched!
12:491  0:000  3. [change GFX0 to IGPU, optionally pair with SSDT-IGPU.aml]: pattern 47465830, bin not found / already patched!
12:492  0:000  4. [change HDAS to HDEF, optionally pair with SSDT-HDEF.aml]: pattern 48444153, bin not found / already patched!
12:492  0:000  5. [change Method(_PTS,1,N) to ZPTS, pair with SSDT-PTSWAK.aml]: pattern 5F505453, bin not found / already patched!
12:492  0:000  6. [change Method(_WAK,1,N) to ZWAK, pair with SSDT-PTSWAK.aml]: pattern 5F57414B, bin not found / already patched!
12:492  0:000  7. [change Method(GPRW,2,N) to XPRW, pair with SSDT-GPRW.aml]: pattern 47505257, bin not found / already patched!
12:492  0:000  8. [change _OSI to XOSI, pair with SSDT-XOSI.aml]: pattern 5F4F5349, bin not found / already patched!
12:492  0:000  9. [Batt, change WMBD to XMBD]: pattern 574D4244, bin not found / already patched!
12:492  0:000  10. [Batt, change WMBC to XMBC]: pattern 574D4243, bin not found / already patched!
12:492  0:000  11. [Batt, change _BIF to XBIF]: pattern 5F424946, bin not found / already patched!
12:492  0:000  12. [Batt, change _BST to XBST]: pattern 5F425354, bin not found / already patched!
12:492  0:000  13. [Batt, change BATS to BATX]: pattern 42415453, bin not found / already patched!
12:492  0:000    0 replacements
12:492  0:000  Patching SSDT SgPeg Length=174
12:492  0:000  0. [change H_EC to EC]: pattern 485F4543, bin not found / already patched!
12:492  0:000  1. [change HECI to IMEI]: pattern 48454349, bin not found / already patched!
12:492  0:000  2. [change SAT0 to SATA]: pattern 53415430, bin not found / already patched!
12:492  0:000  3. [change GFX0 to IGPU, optionally pair with SSDT-IGPU.aml]: pattern 47465830, bin not found / already patched!
12:492  0:000  4. [change HDAS to HDEF, optionally pair with SSDT-HDEF.aml]: pattern 48444153, bin not found / already patched!
12:492  0:000  5. [change Method(_PTS,1,N) to ZPTS, pair with SSDT-PTSWAK.aml]: pattern 5F505453, bin not found / already patched!
12:492  0:000  6. [change Method(_WAK,1,N) to ZWAK, pair with SSDT-PTSWAK.aml]: pattern 5F57414B, bin not found / already patched!
12:492  0:000  7. [change Method(GPRW,2,N) to XPRW, pair with SSDT-GPRW.aml]: pattern 47505257, bin not found / already patched!
12:492  0:000  8. [change _OSI to XOSI, pair with SSDT-XOSI.aml]: pattern 5F4F5349, bin not found / already patched!
12:492  0:000  9. [Batt, change WMBD to XMBD]: pattern 574D4244, bin not found / already patched!
12:492  0:000  10. [Batt, change WMBC to XMBC]: pattern 574D4243, bin not found / already patched!
12:492  0:000  11. [Batt, change _BIF to XBIF]: pattern 5F424946, bin not found / already patched!
12:492  0:000  12. [Batt, change _BST to XBST]: pattern 5F425354, bin not found / already patched!
12:492  0:000  13. [Batt, change BATS to BATX]: pattern 42415453, bin not found / already patched!
12:492  0:000    0 replacements
12:492  0:000  Patching SSDT OptTabl Length=7801
12:492  0:000  0. [change H_EC to EC]: pattern 485F4543, bin not found / already patched!
12:492  0:000  1. [change HECI to IMEI]: pattern 48454349, bin not found / already patched!
12:492  0:000  2. [change SAT0 to SATA]: pattern 53415430, bin not found / already patched!
12:492  0:000  3. [change GFX0 to IGPU, optionally pair with SSDT-IGPU.aml]: pattern 47465830, patched at: [ (55) (28) (772) (91) (527) (107B) (11) ]
12:492  0:000  4. [change HDAS to HDEF, optionally pair with SSDT-HDEF.aml]: pattern 48444153, bin not found / already patched!
12:492  0:000  5. [change Method(_PTS,1,N) to ZPTS, pair with SSDT-PTSWAK.aml]: pattern 5F505453, bin not found / already patched!
12:492  0:000  6. [change Method(_WAK,1,N) to ZWAK, pair with SSDT-PTSWAK.aml]: pattern 5F57414B, bin not found / already patched!
12:492  0:000  7. [change Method(GPRW,2,N) to XPRW, pair with SSDT-GPRW.aml]: pattern 47505257, bin not found / already patched!
12:492  0:000  8. [change _OSI to XOSI, pair with SSDT-XOSI.aml]: pattern 5F4F5349, patched at: [ (161F) ]
12:493  0:000  9. [Batt, change WMBD to XMBD]: pattern 574D4244, bin not found / already patched!
12:493  0:000  10. [Batt, change WMBC to XMBC]: pattern 574D4243, bin not found / already patched!
12:493  0:000  11. [Batt, change _BIF to XBIF]: pattern 5F424946, bin not found / already patched!
12:493  0:000  12. [Batt, change _BST to XBST]: pattern 5F425354, bin not found / already patched!
12:493  0:000  13. [Batt, change BATS to BATX]: pattern 42415453, bin not found / already patched!
12:493  0:000    0 replacements
12:493  0:000  === [ ACPIPatchedAML ] ====================================
12:493  0:000  AutoMerge pass 2
12:493  0:000  Unsorted
12:493  0:000  Inserting SSDT-MEM2.aml from EFI\CLOVER\ACPI\patched: size=148 ... Success
12:493  0:000  Inserting SSDT-PNLF.aml from EFI\CLOVER\ACPI\patched: size=1128 ... Success
12:493  0:000  Inserting SSDT-USBX.aml from EFI\CLOVER\ACPI\patched: size=135 ... Success
12:493  0:000  Inserting SSDT-Disable-DGPU.aml from EFI\CLOVER\ACPI\patched: size=94 ... Success
12:493  0:000  Inserting SSDT-HPET.aml from EFI\CLOVER\ACPI\patched: size=87 ... Success
12:494  0:000  Inserting SSDT-DTPG.aml from EFI\CLOVER\ACPI\patched: size=100 ... Success
12:494  0:000  Inserting SSDT-BATT.aml from EFI\CLOVER\ACPI\patched: size=1311 ... Success
12:494  0:000  Inserting SSDT-MCHC.aml from EFI\CLOVER\ACPI\patched: size=76 ... Success
12:494  0:000  Inserting SSDT-XOSI.aml from EFI\CLOVER\ACPI\patched: size=188 ... Success
12:494  0:000  Inserting SSDT-EC.aml from EFI\CLOVER\ACPI\patched: size=63 ... Success
12:494  0:000  Inserting SSDT-GPRW.aml from EFI\CLOVER\ACPI\patched: size=134 ... Success
12:494  0:000  Inserting SSDT-TB3.aml from EFI\CLOVER\ACPI\patched: size=5856 ... Success
12:494  0:000  Inserting SSDT-UIAC.aml from EFI\CLOVER\ACPI\patched: size=591 ... Success
12:494  0:000  Inserting SSDT-PTSWAK.aml from EFI\CLOVER\ACPI\patched: size=782 ... Success
12:494  0:000  Inserting SSDT-XCPM.aml from EFI\CLOVER\ACPI\patched: size=80 ... Success
12:494  0:000  Inserting SSDT-ALS0.aml from EFI\CLOVER\ACPI\patched: size=101 ... Success
12:494  0:000  Inserting SSDT-PMCR.aml from EFI\CLOVER\ACPI\patched: size=80 ... Success
12:494  0:000  CPUBase=0 and ApicCPUBase=1 ApicCPUNum=1
12:494  0:000  Cleanup XSDT: count=42, length=372
12:494  0:000  corrected XSDT count=41, length=364
12:494  0:000  === [ RestSetup macOS ] ===================================
12:494  0:000  EdidDiscovered size=128
12:494  0:000  --- Discovered EDID Table size:128
12:494  0:000  000  |  00  FF  FF  FF  FF  FF  FF  00  06  AF
12:494  0:000  010  |  ED  82  00  00  00  00  10  1B  01  04
12:494  0:000  020  |  A5  22  13  78  02  6A  75  A4  56  52
12:494  0:000  030  |  9C  27  0B  50  54  00  00  00  01  01
12:495  0:000  040  |  01  01  01  01  01  01  01  01  01  01
12:495  0:000  050  |  01  01  01  01  CE  8F  80  B6  70  38
12:495  0:000  060  |  88  40  30  20  A5  00  58  C1  10  00
12:495  0:000  070  |  00  00  CE  8F  80  B6  70  38  2B  47
12:495  0:000  080  |  30  20  A5  00  58  C1  10  00  00  00
12:495  0:000  090  |  00  00  00  FE  00  41  55  4F  0A  20
12:495  0:000  100  |  20  20  20  20  20  20  20  20  00  00
12:495  0:000  110  |  00  FE  00  42  31  35  36  48  41  4E
12:495  0:000  120  |  30  38  2E  32  20  0A  00  13
12:495  0:000  add device: PciRoot(0x0)/Pci(0x2,0x0)
12:495  0:000     Add key=framebuffer-unifiedmem valuelen=4
12:495  0:000     Add key=framebuffer-stolenmem valuelen=4
12:495  0:000     Add key=framebuffer-portcount valuelen=4
12:495  0:000     Add key=framebuffer-patch-enable valuelen=4
12:495  0:000     Add key=framebuffer-fbmem valuelen=4
12:495  0:000     Add key=framebuffer-con2-index valuelen=4
12:495  0:000     Add key=framebuffer-con2-enable valuelen=4
12:495  0:000     Add key=framebuffer-con1-type valuelen=4
12:495  0:000     Add key=framebuffer-con1-enable valuelen=4
12:495  0:000     Add key=enable-hdmi20 valuelen=4
12:495  0:000     Add key=enable-cfl-backlight-fix valuelen=4
12:495  0:000     Add key=device-id valuelen=4
12:495  0:000     Add key=AAPL,ig-platform-id valuelen=4
12:495  0:000  add device: PciRoot(0x0)/Pci(0x1F,0x3)
12:495  0:000     Add key=layout-id valuelen=4
12:495  0:000  NVidia GFX injection not set
12:495  0:000  Intel GFX injection not set
12:495  0:000  Intel GFX IntelBacklight
12:495  0:000    LEV2 = 0x80000000, LEVL = 0x0, P0BL = 0x8A5, GRAN = 0xF00
12:495  0:000    LEVW = 0x80000000, LEVX = 0x1D4C0, LEVD = 0x1D4C0, PCHL = 0x0
12:495  0:000    Write macOS LEVW: 0xC0000000
12:496  0:000   RCBA disabled; cannot use it
12:496  0:000  stringlength = 2310
12:496  0:000  CurrentMode: Width=1920 Height=1080
12:496  0:000  Beginning FSInjection
FSInjectionInstall ...
- Our FSI_SIMPLE_FILE_SYSTEM_PROTOCOL installed on handle: 358CF818
FSInjectionInstall ...
- Our FSI_SIMPLE_FILE_SYSTEM_PROTOCOL installed on handle: 358CF818
12:497  0:001  Use origin smbios table type 1 guid.
12:501  0:003  Preparing kexts injection for arch=x86_64 from EFI\CLOVER\kexts\Other
12:501  0:000  Extra kext: EFI\CLOVER\kexts\Other\ApplePS2SmartTouchPad.kext (v.4.6.8)
12:509  0:007    |-- PlugIn kext: EFI\CLOVER\kexts\Other\ApplePS2SmartTouchPad.kext\Contents\PlugIns\ApplePS2Keyboard.kext (v.4.6.8)
12:513  0:004    |-- PlugIn kext: EFI\CLOVER\kexts\Other\ApplePS2SmartTouchPad.kext\Contents\PlugIns\ApplePS2Controller.kext (v.4.6.8)
12:517  0:004  Extra kext: EFI\CLOVER\kexts\Other\BrcmPatchRAM2.kext (v.2.2.10)
12:562  0:044  Extra kext: EFI\CLOVER\kexts\Other\dAGPM.kext (v.1.0.0)
12:565  0:003  Extra kext: EFI\CLOVER\kexts\Other\AppleBacklightFixup.kext (v.1.0.2)
12:572  0:006  Extra kext: EFI\CLOVER\kexts\Other\USBInjectAll.kext (v.0.7.1)
12:766  0:193  Extra kext: EFI\CLOVER\kexts\Other\BT4LEContiunityFixup.kext (v.1.1.2)
12:771  0:005  Extra kext: EFI\CLOVER\kexts\Other\RealtekRTL8111.kext (v.2.2.1)
12:777  0:005  Extra kext: EFI\CLOVER\kexts\Other\SMCProcessor.kext (v.1.0.7)
12:783  0:006  Extra kext: EFI\CLOVER\kexts\Other\VirtualSMC.kext (v.1.0.7)
12:794  0:010  Extra kext: EFI\CLOVER\kexts\Other\WhateverGreen.kext (v.1.3.1)
12:820  0:025  Extra kext: EFI\CLOVER\kexts\Other\SMCBatteryManager.kext (v.1)
12:827  0:007  Extra kext: EFI\CLOVER\kexts\Other\AppleALC.kext (v.1.4.0)
13:186  0:359  Extra kext: EFI\CLOVER\kexts\Other\AirportBrcmFixup.kext (v.2.0.3)
13:198  0:012  Extra kext: EFI\CLOVER\kexts\Other\NoTouchID.kext (v.1.0.2)
13:204  0:005  Extra kext: EFI\CLOVER\kexts\Other\BrcmFirmwareData.kext (v.2.2.10)
13:213  0:008  Extra kext: EFI\CLOVER\kexts\Other\Lilu.kext (v.1.3.8)
13:226  0:012  SetStartupDiskVolume:
13:226  0:000    * Volume: 'macOS'
13:226  0:000    * LoaderPath: '<null string>'
13:226  0:000    * DevPath: macOS
13:226  0:000    * GUID = 912AC57A-C609-45EF-9C1B-6B0CD95F53EC
13:226  0:000    * efi-boot-device: <array><dict><key>IOMatch</key><dict><key>IOProviderClass</key><string>IOMedia</string><key>IOPropertyMatch</key><dict><key>UUID</key><string>912AC57A-C609-45EF-9C1B-6B0CD95F53EC</string></dict></dict></dict></array>
13:226  0:000  Custom boot screen not used because entry has unset use graphics
13:226  0:000  Closing log
